2002.10.14 14:08 B G:\home_page\kiniiri\cd\FILES\1m.jpg --> www.internetacademy.co.jp /www/kiniiri/cd/files 1m.jpg
2002.10.14 14:10 B G:\home_page\kiniiri\cd\FILES\1m.jpg --> www.internetacademy.co.jp /www/kiniiri/cd/files 1m.jpg
2002.10.20 10:40 B G:\home_page\kiniiri\cd\files\1m.jpg --> www.internetacademy.co.jp /www/kiniiri/cd/files 1m.jpg
2002.10.20 10:40 B G:\home_page\kiniiri\cd\files\cdhidden.jpg --> www.internetacademy.co.jp /www/kiniiri/cd/files cdhidden.jpg
2002.10.20 10:40 B G:\home_page\kiniiri\cd\files\cdhikari.jpg --> www.internetacademy.co.jp /www/kiniiri/cd/files cdhikari.jpg
2002.10.20 10:40 B G:\home_page\kiniiri\cd\files\cdintouch.jpg --> www.internetacademy.co.jp /www/kiniiri/cd/files cdintouch.jpg
2002.10.20 10:40 B G:\home_page\kiniiri\cd\files\cdkakadu.jpg --> www.internetacademy.co.jp /www/kiniiri/cd/files cdkakadu.jpg
2002.10.20 10:40 B G:\home_page\kiniiri\cd\files\cdlive.jpg --> www.internetacademy.co.jp /www/kiniiri/cd/files cdlive.jpg
2002.10.20 10:40 B G:\home_page\kiniiri\cd\files\cdlovesong.jpg --> www.internetacademy.co.jp /www/kiniiri/cd/files cdlovesong.jpg
2002.10.20 10:40 B G:\home_page\kiniiri\cd\files\cdmariner.jpg --> www.internetacademy.co.jp /www/kiniiri/cd/files cdmariner.jpg
2002.10.20 10:40 B G:\home_page\kiniiri\cd\files\cdrainforest.jpg --> www.internetacademy.co.jp /www/kiniiri/cd/files cdrainforest.jpg
2002.10.20 10:40 B G:\home_page\kiniiri\cd\files\cduluru.jpg --> www.internetacademy.co.jp /www/kiniiri/cd/files cduluru.jpg
2002.10.20 10:40 B G:\home_page\kiniiri\cd\files\cdunder.jpg --> www.internetacademy.co.jp /www/kiniiri/cd/files cdunder.jpg
2002.10.20 10:40 B G:\home_page\kiniiri\cd\files\cdwangetti.jpg --> www.internetacademy.co.jp /www/kiniiri/cd/files cdwangetti.jpg
2002.10.20 10:40 B G:\home_page\kiniiri\cd\files\cdyoth.jpg --> www.internetacademy.co.jp /www/kiniiri/cd/files cdyoth.jpg
2002.10.20 10:40 B G:\home_page\kiniiri\cd\files\cdyoth2.jpg --> www.internetacademy.co.jp /www/kiniiri/cd/files cdyoth2.jpg
2002.10.20 10:40 B G:\home_page\kiniiri\cd\files\egypt.jpg --> www.internetacademy.co.jp /www/kiniiri/cd/files egypt.jpg
2002.10.20 10:40 B G:\home_page\kiniiri\cd\files\space.jpg --> www.internetacademy.co.jp /www/kiniiri/cd/files space.jpg
2002.10.20 10:40 B G:\home_page\kiniiri\cd\files\zcdhidden.jpg --> www.internetacademy.co.jp /www/kiniiri/cd/files zcdhidden.jpg
2002.10.20 10:40 B G:\home_page\kiniiri\cd\files\zcdhikari.jpg --> www.internetacademy.co.jp /www/kiniiri/cd/files zcdhikari.jpg
2002.10.20 10:40 B G:\home_page\kiniiri\cd\files\zcdintouch.jpg --> www.internetacademy.co.jp /www/kiniiri/cd/files zcdintouch.jpg
2002.10.20 10:40 B G:\home_page\kiniiri\cd\files\zcdkakadu.jpg --> www.internetacademy.co.jp /www/kiniiri/cd/files zcdkakadu.jpg
2002.10.20 10:40 B G:\home_page\kiniiri\cd\files\zcdlive.jpg --> www.internetacademy.co.jp /www/kiniiri/cd/files zcdlive.jpg
2002.10.20 10:40 B G:\home_page\kiniiri\cd\files\zcdlovesong.jpg --> www.internetacademy.co.jp /www/kiniiri/cd/files zcdlovesong.jpg
2002.10.20 10:40 B G:\home_page\kiniiri\cd\files\zcdmariner.jpg --> www.internetacademy.co.jp /www/kiniiri/cd/files zcdmariner.jpg
2002.10.20 10:40 B G:\home_page\kiniiri\cd\files\zcdrainforest.jpg --> www.internetacademy.co.jp /www/kiniiri/cd/files zcdrainforest.jpg
2002.10.20 10:40 B G:\home_page\kiniiri\cd\files\zcduluru.jpg --> www.internetacademy.co.jp /www/kiniiri/cd/files zcduluru.jpg
2002.10.20 10:40 B G:\home_page\kiniiri\cd\files\zcdunder.jpg --> www.internetacademy.co.jp /www/kiniiri/cd/files zcdunder.jpg
2002.10.20 10:40 B G:\home_page\kiniiri\cd\files\zcdwangetti.jpg --> www.internetacademy.co.jp /www/kiniiri/cd/files zcdwangetti.jpg
2002.10.20 10:40 B G:\home_page\kiniiri\cd\files\zcdyoth.jpg --> www.internetacademy.co.jp /www/kiniiri/cd/files zcdyoth.jpg
2002.10.20 10:40 B G:\home_page\kiniiri\cd\files\zegypt.jpg --> www.internetacademy.co.jp /www/kiniiri/cd/files zegypt.jpg
